This is pdfTeX, Version 3.14159265-2.6-1.40.19 (MiKTeX 2.9.6800 64-bit) (preloaded format=pdflatex 2018.9.23)  25 SEP 2018 11:17
entering extended mode
**./modelo_informe.tex
(modelo_informe.tex
LaTeX2e <2018-04-01> patch level 5
("C:\Users\Usuario\AppData\Local\Programs\MiKTeX 2.9\tex\latex\base\article.cls
"
Document Class: article 2014/09/29 v1.4h Standard LaTeX document class
("C:\Users\Usuario\AppData\Local\Programs\MiKTeX 2.9\tex\latex\base\size10.clo"
File: size10.clo 2014/09/29 v1.4h Standard LaTeX file (size option)
)
\c@part=\count80
\c@section=\count81
\c@subsection=\count82
\c@subsubsection=\count83
\c@paragraph=\count84
\c@subparagraph=\count85
\c@figure=\count86
\c@table=\count87
\abovecaptionskip=\skip41
\belowcaptionskip=\skip42
\bibindent=\dimen102
)
("C:\Users\Usuario\AppData\Local\Programs\MiKTeX 2.9\tex\latex\fancyvrb\fancyvr
b.sty"
Package: fancyvrb 2008/02/07

Style option: `fancyvrb' v2.7a, with DG/SPQR fixes, and firstline=lastline fix 
<2008/02/07> (tvz)
("C:\Users\Usuario\AppData\Local\Programs\MiKTeX 2.9\tex\latex\graphics\keyval.
sty"
Package: keyval 2014/10/28 v1.15 key=value parser (DPC)
\KV@toks@=\toks14
)
\FV@CodeLineNo=\count88
\FV@InFile=\read1
\FV@TabBox=\box26
\c@FancyVerbLine=\count89
\FV@StepNumber=\count90
\FV@OutFile=\write3
)
("C:\Users\Usuario\AppData\Local\Programs\MiKTeX 2.9\tex\latex\graphics\graphic
x.sty"
Package: graphicx 2017/06/01 v1.1a Enhanced LaTeX Graphics (DPC,SPQR)

("C:\Users\Usuario\AppData\Local\Programs\MiKTeX 2.9\tex\latex\graphics\graphic
s.sty"
Package: graphics 2017/06/25 v1.2c Standard LaTeX Graphics (DPC,SPQR)

("C:\Users\Usuario\AppData\Local\Programs\MiKTeX 2.9\tex\latex\graphics\trig.st
y"
Package: trig 2016/01/03 v1.10 sin cos tan (DPC)
)
("C:\Users\Usuario\AppData\Local\Programs\MiKTeX 2.9\tex\latex\graphics-cfg\gra
phics.cfg"
File: graphics.cfg 2016/06/04 v1.11 sample graphics configuration
)
Package graphics Info: Driver file: pdftex.def on input line 99.

("C:\Users\Usuario\AppData\Local\Programs\MiKTeX 2.9\tex\latex\graphics-def\pdf
tex.def"
File: pdftex.def 2018/01/08 v1.0l Graphics/color driver for pdftex
))
\Gin@req@height=\dimen103
\Gin@req@width=\dimen104
)
("C:\Users\Usuario\AppData\Local\Programs\MiKTeX 2.9\tex\latex\base\inputenc.st
y"
Package: inputenc 2018/04/06 v1.3b Input encoding file
\inpenc@prehook=\toks15
\inpenc@posthook=\toks16

("C:\Users\Usuario\AppData\Local\Programs\MiKTeX 2.9\tex\latex\base\ansinew.def
"
File: ansinew.def 2018/04/06 v1.3b Input encoding file
))
("C:\Users\Usuario\AppData\Local\Programs\MiKTeX 2.9\tex\generic\babel\babel.st
y"
Package: babel 2018/06/05 3.22 The Babel package

("C:\Users\Usuario\AppData\Local\Programs\MiKTeX 2.9\tex\generic\babel\switch.d
ef"
File: switch.def 2018/06/05 3.22 Babel switching mechanism
)
*************************************
* Local config file bblopts.cfg used
*

("C:\Users\Usuario\AppData\Local\Programs\MiKTeX 2.9\tex\latex\arabi\bblopts.cf
g"
File: bblopts.cfg 2005/09/08 v0.1 add Arabic and Farsi to "declared" options of
 babel
)
("C:\Users\Usuario\AppData\Local\Programs\MiKTeX 2.9\tex\latex\babel-spanish\sp
anish.ldf"
Language: spanish.ldf 2016/03/03 v5.0p Spanish support from the babel system

("C:\Users\Usuario\AppData\Local\Programs\MiKTeX 2.9\tex\generic\babel\babel.de
f"
File: babel.def 2018/06/05 3.22 Babel common definitions
\babel@savecnt=\count91
\U@D=\dimen105

("C:\Users\Usuario\AppData\Local\Programs\MiKTeX 2.9\tex\generic\babel\txtbabel
.def")
\bbl@dirlevel=\count92
)
\es@quottoks=\toks17
\es@quotdepth=\count93
Package babel Info: Making " an active character on input line 561.
Package babel Info: Making . an active character on input line 662.
Package babel Info: Making < an active character on input line 707.
Package babel Info: Making > an active character on input line 707.
))
("C:\Users\Usuario\AppData\Local\Programs\MiKTeX 2.9\tex\latex\hyperref\hyperre
f.sty"
Package: hyperref 2018/02/06 v6.86b Hypertext links for LaTeX

("C:\Users\Usuario\AppData\Local\Programs\MiKTeX 2.9\tex\generic\oberdiek\hobsu
b-hyperref.sty"
Package: hobsub-hyperref 2016/05/16 v1.14 Bundle oberdiek, subset hyperref (HO)


("C:\Users\Usuario\AppData\Local\Programs\MiKTeX 2.9\tex\generic\oberdiek\hobsu
b-generic.sty"
Package: hobsub-generic 2016/05/16 v1.14 Bundle oberdiek, subset generic (HO)
Package: hobsub 2016/05/16 v1.14 Construct package bundles (HO)
Package: infwarerr 2016/05/16 v1.4 Providing info/warning/error messages (HO)
Package: ltxcmds 2016/05/16 v1.23 LaTeX kernel commands for general use (HO)
Package: ifluatex 2016/05/16 v1.4 Provides the ifluatex switch (HO)
Package ifluatex Info: LuaTeX not detected.
Package: ifvtex 2016/05/16 v1.6 Detect VTeX and its facilities (HO)
Package ifvtex Info: VTeX not detected.
Package: intcalc 2016/05/16 v1.2 Expandable calculations with integers (HO)
Package: ifpdf 2017/03/15 v3.2 Provides the ifpdf switch
Package: etexcmds 2016/05/16 v1.6 Avoid name clashes with e-TeX commands (HO)
Package etexcmds Info: Could not find \expanded.
(etexcmds)             That can mean that you are not using pdfTeX 1.50 or
(etexcmds)             that some package has redefined \expanded.
(etexcmds)             In the latter case, load this package earlier.
Package: kvsetkeys 2016/05/16 v1.17 Key value parser (HO)
Package: kvdefinekeys 2016/05/16 v1.4 Define keys (HO)
Package: pdftexcmds 2018/01/30 v0.27 Utility functions of pdfTeX for LuaTeX (HO
)
Package pdftexcmds Info: LuaTeX not detected.
Package pdftexcmds Info: \pdf@primitive is available.
Package pdftexcmds Info: \pdf@ifprimitive is available.
Package pdftexcmds Info: \pdfdraftmode found.
Package: pdfescape 2016/05/16 v1.14 Implements pdfTeX's escape features (HO)
Package: bigintcalc 2016/05/16 v1.4 Expandable calculations on big integers (HO
)
Package: bitset 2016/05/16 v1.2 Handle bit-vector datatype (HO)
Package: uniquecounter 2016/05/16 v1.3 Provide unlimited unique counter (HO)
)
Package hobsub Info: Skipping package `hobsub' (already loaded).
Package: letltxmacro 2016/05/16 v1.5 Let assignment for LaTeX macros (HO)
Package: hopatch 2016/05/16 v1.3 Wrapper for package hooks (HO)
Package: xcolor-patch 2016/05/16 xcolor patch
Package: atveryend 2016/05/16 v1.9 Hooks at the very end of document (HO)
Package atveryend Info: \enddocument detected (standard20110627).
Package: atbegshi 2016/06/09 v1.18 At begin shipout hook (HO)
Package: refcount 2016/05/16 v3.5 Data extraction from label references (HO)
Package: hycolor 2016/05/16 v1.8 Color options for hyperref/bookmark (HO)
)
("C:\Users\Usuario\AppData\Local\Programs\MiKTeX 2.9\tex\generic\ifxetex\ifxete
x.sty"
Package: ifxetex 2010/09/12 v0.6 Provides ifxetex conditional
)
("C:\Users\Usuario\AppData\Local\Programs\MiKTeX 2.9\tex\latex\oberdiek\auxhook
.sty"
Package: auxhook 2016/05/16 v1.4 Hooks for auxiliary files (HO)
)
("C:\Users\Usuario\AppData\Local\Programs\MiKTeX 2.9\tex\latex\oberdiek\kvoptio
ns.sty"
Package: kvoptions 2016/05/16 v3.12 Key value format for package options (HO)
)
\@linkdim=\dimen106
\Hy@linkcounter=\count94
\Hy@pagecounter=\count95

("C:\Users\Usuario\AppData\Local\Programs\MiKTeX 2.9\tex\latex\hyperref\pd1enc.
def"
File: pd1enc.def 2018/02/06 v6.86b Hyperref: PDFDocEncoding definition (HO)
Now handling font encoding PD1 ...
... no UTF-8 mapping file for font encoding PD1
)
\Hy@SavedSpaceFactor=\count96

("C:\Users\Usuario\AppData\Local\Programs\MiKTeX 2.9\tex\latex\00miktex\hyperre
f.cfg"
File: hyperref.cfg 2002/06/06 v1.2 hyperref configuration of TeXLive
)
Package hyperref Info: Hyper figures OFF on input line 4509.
Package hyperref Info: Link nesting OFF on input line 4514.
Package hyperref Info: Hyper index ON on input line 4517.
Package hyperref Info: Plain pages OFF on input line 4524.
Package hyperref Info: Backreferencing OFF on input line 4529.
Package hyperref Info: Implicit mode ON; LaTeX internals redefined.
Package hyperref Info: Bookmarks ON on input line 4762.
\c@Hy@tempcnt=\count97

("C:\Users\Usuario\AppData\Local\Programs\MiKTeX 2.9\tex\latex\url\url.sty"
\Urlmuskip=\muskip10
Package: url 2013/09/16  ver 3.4  Verb mode for urls, etc.
)
LaTeX Info: Redefining \url on input line 5115.
\XeTeXLinkMargin=\dimen107
\Fld@menulength=\count98
\Field@Width=\dimen108
\Fld@charsize=\dimen109
Package hyperref Info: Hyper figures OFF on input line 6369.
Package hyperref Info: Link nesting OFF on input line 6374.
Package hyperref Info: Hyper index ON on input line 6377.
Package hyperref Info: backreferencing OFF on input line 6384.
Package hyperref Info: Link coloring OFF on input line 6389.
Package hyperref Info: Link coloring with OCG OFF on input line 6394.
Package hyperref Info: PDF/A mode OFF on input line 6399.
LaTeX Info: Redefining \ref on input line 6439.
LaTeX Info: Redefining \pageref on input line 6443.
\Hy@abspage=\count99
\c@Item=\count100
\c@Hfootnote=\count101
)
Package hyperref Info: Driver (autodetected): hpdftex.

("C:\Users\Usuario\AppData\Local\Programs\MiKTeX 2.9\tex\latex\hyperref\hpdftex
.def"
File: hpdftex.def 2018/02/06 v6.86b Hyperref driver for pdfTeX
\Fld@listcount=\count102
\c@bookmark@seq@number=\count103

("C:\Users\Usuario\AppData\Local\Programs\MiKTeX 2.9\tex\latex\oberdiek\rerunfi
lecheck.sty"
Package: rerunfilecheck 2016/05/16 v1.8 Rerun checks for auxiliary files (HO)
Package uniquecounter Info: New unique counter `rerunfilecheck' on input line 2
82.
)
\Hy@SectionHShift=\skip43
) (modelo_informe.aux
LaTeX Info: Redefining \. on input line 23.
LaTeX Info: Redefining \% on input line 23.


LaTeX Warning: Label `LAR92' multiply defined.


LaTeX Warning: Label `LAR92' multiply defined.


LaTeX Warning: Label `LAR92' multiply defined.


LaTeX Warning: Label `LAR92' multiply defined.

)
\openout1 = `modelo_informe.aux'.

LaTeX Font Info:    Checking defaults for OML/cmm/m/it on input line 22.
LaTeX Font Info:    ... okay on input line 22.
LaTeX Font Info:    Checking defaults for T1/cmr/m/n on input line 22.
LaTeX Font Info:    ... okay on input line 22.
LaTeX Font Info:    Checking defaults for OT1/cmr/m/n on input line 22.
LaTeX Font Info:    ... okay on input line 22.
LaTeX Font Info:    Checking defaults for OMS/cmsy/m/n on input line 22.
LaTeX Font Info:    ... okay on input line 22.
LaTeX Font Info:    Checking defaults for OMX/cmex/m/n on input line 22.
LaTeX Font Info:    ... okay on input line 22.
LaTeX Font Info:    Checking defaults for U/cmr/m/n on input line 22.
LaTeX Font Info:    ... okay on input line 22.
LaTeX Font Info:    Checking defaults for PD1/pdf/m/n on input line 22.
LaTeX Font Info:    ... okay on input line 22.

("C:\Users\Usuario\AppData\Local\Programs\MiKTeX 2.9\tex\context\base\supp-pdf.
mkii"
[Loading MPS to PDF converter (version 2006.09.02).]
\scratchcounter=\count104
\scratchdimen=\dimen110
\scratchbox=\box27
\nofMPsegments=\count105
\nofMParguments=\count106
\everyMPshowfont=\toks18
\MPscratchCnt=\count107
\MPscratchDim=\dimen111
\MPnumerator=\count108
\makeMPintoPDFobject=\count109
\everyMPtoPDFconversion=\toks19
)
("C:\Users\Usuario\AppData\Local\Programs\MiKTeX 2.9\tex\latex\oberdiek\epstopd
f-base.sty"
Package: epstopdf-base 2016/05/15 v2.6 Base part for package epstopdf

("C:\Users\Usuario\AppData\Local\Programs\MiKTeX 2.9\tex\latex\oberdiek\grfext.
sty"
Package: grfext 2016/05/16 v1.2 Manage graphics extensions (HO)
)
Package epstopdf-base Info: Redefining graphics rule for `.eps' on input line 4
38.
Package grfext Info: Graphics extension search list:
(grfext)             [.pdf,.png,.jpg,.mps,.jpeg,.jbig2,.jb2,.PDF,.PNG,.JPG,.JPE
G,.JBIG2,.JB2,.eps]
(grfext)             \AppendGraphicsExtensions on input line 456.
)
LaTeX Info: Redefining \. on input line 22.
LaTeX Info: Redefining \% on input line 22.
\AtBeginShipoutBox=\box28
Package hyperref Info: Link coloring OFF on input line 22.

("C:\Users\Usuario\AppData\Local\Programs\MiKTeX 2.9\tex\latex\hyperref\nameref
.sty"
Package: nameref 2016/05/21 v2.44 Cross-referencing by name of section

("C:\Users\Usuario\AppData\Local\Programs\MiKTeX 2.9\tex\generic\oberdiek\getti
tlestring.sty"
Package: gettitlestring 2016/05/16 v1.5 Cleanup title references (HO)
)
\c@section@level=\count110
)
LaTeX Info: Redefining \ref on input line 22.
LaTeX Info: Redefining \pageref on input line 22.
LaTeX Info: Redefining \nameref on input line 22.
 (modelo_informe.out) (modelo_informe.out)
\@outlinefile=\write4
\openout4 = `modelo_informe.out'.

LaTeX Font Info:    External font `cmex10' loaded for size
(Font)              <12> on input line 26.
LaTeX Font Info:    External font `cmex10' loaded for size
(Font)              <8> on input line 26.
LaTeX Font Info:    External font `cmex10' loaded for size
(Font)              <6> on input line 26.
LaTeX Font Info:    External font `cmex10' loaded for size
(Font)              <7> on input line 26.
LaTeX Font Info:    External font `cmex10' loaded for size
(Font)              <5> on input line 26.
Package babel Info: Redefining spanish shorthand <<
(babel)             in language  on input line 31.
Package babel Info: Redefining spanish shorthand >>
(babel)             in language  on input line 31.
Package babel Info: Redefining spanish shorthand "=
(babel)             in language  on input line 31.
Package babel Info: Redefining spanish shorthand "~
(babel)             in language  on input line 31.
Package babel Info: Redefining spanish shorthand "!
(babel)             in language  on input line 31.
Package babel Info: Redefining spanish shorthand "?
(babel)             in language  on input line 31.
Package babel Info: Redefining spanish shorthand <<
(babel)             in language  on input line 31.
Package babel Info: Redefining spanish shorthand >>
(babel)             in language  on input line 31.
Package babel Info: Redefining spanish shorthand "=
(babel)             in language  on input line 31.
Package babel Info: Redefining spanish shorthand "~
(babel)             in language  on input line 31.
Package babel Info: Redefining spanish shorthand "!
(babel)             in language  on input line 31.
Package babel Info: Redefining spanish shorthand "?
(babel)             in language  on input line 31.
 [1

{C:/Users/Usuario/AppData/Local/MiKTeX/2.9/pdftex/config/pdftex.map}] (modelo_i
nforme.toc
LaTeX Info: Redefining \. on input line 1.
LaTeX Info: Redefining \% on input line 1.
)
\tf@toc=\write5
\openout5 = `modelo_informe.toc'.

Package babel Info: Redefining spanish shorthand <<
(babel)             in language  on input line 33.
Package babel Info: Redefining spanish shorthand >>
(babel)             in language  on input line 33.
Package babel Info: Redefining spanish shorthand "=
(babel)             in language  on input line 33.
Package babel Info: Redefining spanish shorthand "~
(babel)             in language  on input line 33.
Package babel Info: Redefining spanish shorthand "!
(babel)             in language  on input line 33.
Package babel Info: Redefining spanish shorthand "?
(babel)             in language  on input line 33.
Package babel Info: Redefining spanish shorthand <<
(babel)             in language  on input line 33.
Package babel Info: Redefining spanish shorthand >>
(babel)             in language  on input line 33.
Package babel Info: Redefining spanish shorthand "=
(babel)             in language  on input line 33.
Package babel Info: Redefining spanish shorthand "~
(babel)             in language  on input line 33.
Package babel Info: Redefining spanish shorthand "!
(babel)             in language  on input line 33.
Package babel Info: Redefining spanish shorthand "?
(babel)             in language  on input line 33.

[2]
Package babel Info: Redefining spanish shorthand <<
(babel)             in language  on input line 35.
Package babel Info: Redefining spanish shorthand >>
(babel)             in language  on input line 35.
Package babel Info: Redefining spanish shorthand "=
(babel)             in language  on input line 35.
Package babel Info: Redefining spanish shorthand "~
(babel)             in language  on input line 35.
Package babel Info: Redefining spanish shorthand "!
(babel)             in language  on input line 35.
Package babel Info: Redefining spanish shorthand "?
(babel)             in language  on input line 35.
Package babel Info: Redefining spanish shorthand <<
(babel)             in language  on input line 38.
Package babel Info: Redefining spanish shorthand >>
(babel)             in language  on input line 38.
Package babel Info: Redefining spanish shorthand "=
(babel)             in language  on input line 38.
Package babel Info: Redefining spanish shorthand "~
(babel)             in language  on input line 38.
Package babel Info: Redefining spanish shorthand "!
(babel)             in language  on input line 38.
Package babel Info: Redefining spanish shorthand "?
(babel)             in language  on input line 38.

Overfull \hbox (21.74693pt too wide) in paragraph at lines 50--51
[]\OT1/cmtt/m/n/10 -a, --action Determina la accion que ejecuta el programa: c
odificar
 []

Package babel Info: Redefining spanish shorthand <<
(babel)             in language  on input line 52.
Package babel Info: Redefining spanish shorthand >>
(babel)             in language  on input line 52.
Package babel Info: Redefining spanish shorthand "=
(babel)             in language  on input line 52.
Package babel Info: Redefining spanish shorthand "~
(babel)             in language  on input line 52.
Package babel Info: Redefining spanish shorthand "!
(babel)             in language  on input line 52.
Package babel Info: Redefining spanish shorthand "?
(babel)             in language  on input line 52.

Underfull \hbox (badness 10000) in paragraph at lines 56--57

 []

Package babel Info: Redefining spanish shorthand <<
(babel)             in language  on input line 63.
Package babel Info: Redefining spanish shorthand >>
(babel)             in language  on input line 63.
Package babel Info: Redefining spanish shorthand "=
(babel)             in language  on input line 63.
Package babel Info: Redefining spanish shorthand "~
(babel)             in language  on input line 63.
Package babel Info: Redefining spanish shorthand "!
(babel)             in language  on input line 63.
Package babel Info: Redefining spanish shorthand "?
(babel)             in language  on input line 63.
Package babel Info: Redefining spanish shorthand <<
(babel)             in language  on input line 65.
Package babel Info: Redefining spanish shorthand >>
(babel)             in language  on input line 65.
Package babel Info: Redefining spanish shorthand "=
(babel)             in language  on input line 65.
Package babel Info: Redefining spanish shorthand "~
(babel)             in language  on input line 65.
Package babel Info: Redefining spanish shorthand "!
(babel)             in language  on input line 65.
Package babel Info: Redefining spanish shorthand "?
(babel)             in language  on input line 65.

Underfull \hbox (badness 10000) in paragraph at lines 67--69

 []


Underfull \hbox (badness 10000) in paragraph at lines 70--71

 []

Package babel Info: Redefining spanish shorthand <<
(babel)             in language  on input line 71.
Package babel Info: Redefining spanish shorthand >>
(babel)             in language  on input line 71.
Package babel Info: Redefining spanish shorthand "=
(babel)             in language  on input line 71.
Package babel Info: Redefining spanish shorthand "~
(babel)             in language  on input line 71.
Package babel Info: Redefining spanish shorthand "!
(babel)             in language  on input line 71.
Package babel Info: Redefining spanish shorthand "?
(babel)             in language  on input line 71.
Package babel Info: Redefining spanish shorthand <<
(babel)             in language  on input line 71.
Package babel Info: Redefining spanish shorthand >>
(babel)             in language  on input line 71.
Package babel Info: Redefining spanish shorthand "=
(babel)             in language  on input line 71.
Package babel Info: Redefining spanish shorthand "~
(babel)             in language  on input line 71.
Package babel Info: Redefining spanish shorthand "!
(babel)             in language  on input line 71.
Package babel Info: Redefining spanish shorthand "?
(babel)             in language  on input line 71.
[3]
Underfull \hbox (badness 10000) in paragraph at lines 72--73

 []

Package babel Info: Redefining spanish shorthand <<
(babel)             in language  on input line 89.
Package babel Info: Redefining spanish shorthand >>
(babel)             in language  on input line 89.
Package babel Info: Redefining spanish shorthand "=
(babel)             in language  on input line 89.
Package babel Info: Redefining spanish shorthand "~
(babel)             in language  on input line 89.
Package babel Info: Redefining spanish shorthand "!
(babel)             in language  on input line 89.
Package babel Info: Redefining spanish shorthand "?
(babel)             in language  on input line 89.

Underfull \hbox (badness 10000) in paragraph at lines 93--94

 []

Package babel Info: Redefining spanish shorthand <<
(babel)             in language  on input line 98.
Package babel Info: Redefining spanish shorthand >>
(babel)             in language  on input line 98.
Package babel Info: Redefining spanish shorthand "=
(babel)             in language  on input line 98.
Package babel Info: Redefining spanish shorthand "~
(babel)             in language  on input line 98.
Package babel Info: Redefining spanish shorthand "!
(babel)             in language  on input line 98.
Package babel Info: Redefining spanish shorthand "?
(babel)             in language  on input line 98.
Package babel Info: Redefining spanish shorthand <<
(babel)             in language  on input line 98.
Package babel Info: Redefining spanish shorthand >>
(babel)             in language  on input line 98.
Package babel Info: Redefining spanish shorthand "=
(babel)             in language  on input line 98.
Package babel Info: Redefining spanish shorthand "~
(babel)             in language  on input line 98.
Package babel Info: Redefining spanish shorthand "!
(babel)             in language  on input line 98.
Package babel Info: Redefining spanish shorthand "?
(babel)             in language  on input line 98.
[4]
Underfull \hbox (badness 10000) in paragraph at lines 99--100

 []


Underfull \hbox (badness 10000) in paragraph at lines 105--106

 []

Package babel Info: Redefining spanish shorthand <<
(babel)             in language  on input line 117.
Package babel Info: Redefining spanish shorthand >>
(babel)             in language  on input line 117.
Package babel Info: Redefining spanish shorthand "=
(babel)             in language  on input line 117.
Package babel Info: Redefining spanish shorthand "~
(babel)             in language  on input line 117.
Package babel Info: Redefining spanish shorthand "!
(babel)             in language  on input line 117.
Package babel Info: Redefining spanish shorthand "?
(babel)             in language  on input line 117.
Package babel Info: Redefining spanish shorthand <<
(babel)             in language  on input line 133.
Package babel Info: Redefining spanish shorthand >>
(babel)             in language  on input line 133.
Package babel Info: Redefining spanish shorthand "=
(babel)             in language  on input line 133.
Package babel Info: Redefining spanish shorthand "~
(babel)             in language  on input line 133.
Package babel Info: Redefining spanish shorthand "!
(babel)             in language  on input line 133.
Package babel Info: Redefining spanish shorthand "?
(babel)             in language  on input line 133.
Package babel Info: Redefining spanish shorthand <<
(babel)             in language  on input line 133.
Package babel Info: Redefining spanish shorthand >>
(babel)             in language  on input line 133.
Package babel Info: Redefining spanish shorthand "=
(babel)             in language  on input line 133.
Package babel Info: Redefining spanish shorthand "~
(babel)             in language  on input line 133.
Package babel Info: Redefining spanish shorthand "!
(babel)             in language  on input line 133.
Package babel Info: Redefining spanish shorthand "?
(babel)             in language  on input line 133.
[5]
LaTeX Font Info:    Try loading font information for OMS+cmr on input line 149.


("C:\Users\Usuario\AppData\Local\Programs\MiKTeX 2.9\tex\latex\base\omscmr.fd"
File: omscmr.fd 2014/09/29 v2.5h Standard LaTeX font definitions
)
LaTeX Font Info:    Font shape `OMS/cmr/m/n' in size <10> not available
(Font)              Font shape `OMS/cmsy/m/n' tried instead on input line 149.

Overfull \hbox (36.99692pt too wide) in paragraph at lines 157--158
[]\OT1/cmtt/m/n/10 hostOS# scp -P2222 root@127.0.0.1:/root/TP0NetBSD/TP0/*.s /h
ome/user 
 []

Package babel Info: Redefining spanish shorthand <<
(babel)             in language  on input line 160.
Package babel Info: Redefining spanish shorthand >>
(babel)             in language  on input line 160.
Package babel Info: Redefining spanish shorthand "=
(babel)             in language  on input line 160.
Package babel Info: Redefining spanish shorthand "~
(babel)             in language  on input line 160.
Package babel Info: Redefining spanish shorthand "!
(babel)             in language  on input line 160.
Package babel Info: Redefining spanish shorthand "?
(babel)             in language  on input line 160.

Overfull \hbox (1.30458pt too wide) in paragraph at lines 164--165
[]\OT1/cmr/m/n/10 Luego, pa-ra pro-bar los co-man-dos \OT1/cmtt/m/n/10 -a actio
n -i input -o output \OT1/cmr/m/n/10 se realizo
 []


Overfull \hbox (21.24706pt too wide) in paragraph at lines 170--172
\OT1/cmtt/m/n/10 ./main -a encode -i /tmp/in.bin -o /tmp/out.b64; ./main -a dec
ode
 []


Overfull \hbox (26.49701pt too wide) in paragraph at lines 170--172
\OT1/cmtt/m/n/10 -i /tmp/out.b64 -o /tmp/out.bin; if diff /tmp/in.bin /tmp/out.
bin;
 []


Overfull \hbox (0.24724pt too wide) in paragraph at lines 170--172
\OT1/cmtt/m/n/10 then :; else echo ERROR: n; break; fi; echo ok: n; n=((n+1));
 []

Package babel Info: Redefining spanish shorthand <<
(babel)             in language  on input line 174.
Package babel Info: Redefining spanish shorthand >>
(babel)             in language  on input line 174.
Package babel Info: Redefining spanish shorthand "=
(babel)             in language  on input line 174.
Package babel Info: Redefining spanish shorthand "~
(babel)             in language  on input line 174.
Package babel Info: Redefining spanish shorthand "!
(babel)             in language  on input line 174.
Package babel Info: Redefining spanish shorthand "?
(babel)             in language  on input line 174.
Package babel Info: Redefining spanish shorthand <<
(babel)             in language  on input line 175.
Package babel Info: Redefining spanish shorthand >>
(babel)             in language  on input line 175.
Package babel Info: Redefining spanish shorthand "=
(babel)             in language  on input line 175.
Package babel Info: Redefining spanish shorthand "~
(babel)             in language  on input line 175.
Package babel Info: Redefining spanish shorthand "!
(babel)             in language  on input line 175.
Package babel Info: Redefining spanish shorthand "?
(babel)             in language  on input line 175.
Package babel Info: Redefining spanish shorthand <<
(babel)             in language  on input line 180.
Package babel Info: Redefining spanish shorthand >>
(babel)             in language  on input line 180.
Package babel Info: Redefining spanish shorthand "=
(babel)             in language  on input line 180.
Package babel Info: Redefining spanish shorthand "~
(babel)             in language  on input line 180.
Package babel Info: Redefining spanish shorthand "!
(babel)             in language  on input line 180.
Package babel Info: Redefining spanish shorthand "?
(babel)             in language  on input line 180.
Package babel Info: Redefining spanish shorthand <<
(babel)             in language  on input line 180.
Package babel Info: Redefining spanish shorthand >>
(babel)             in language  on input line 180.
Package babel Info: Redefining spanish shorthand "=
(babel)             in language  on input line 180.
Package babel Info: Redefining spanish shorthand "~
(babel)             in language  on input line 180.
Package babel Info: Redefining spanish shorthand "!
(babel)             in language  on input line 180.
Package babel Info: Redefining spanish shorthand "?
(babel)             in language  on input line 180.
[6]
Package babel Info: Redefining spanish shorthand <<
(babel)             in language  on input line 225.
Package babel Info: Redefining spanish shorthand >>
(babel)             in language  on input line 225.
Package babel Info: Redefining spanish shorthand "=
(babel)             in language  on input line 225.
Package babel Info: Redefining spanish shorthand "~
(babel)             in language  on input line 225.
Package babel Info: Redefining spanish shorthand "!
(babel)             in language  on input line 225.
Package babel Info: Redefining spanish shorthand "?
(babel)             in language  on input line 225.
Package babel Info: Redefining spanish shorthand <<
(babel)             in language  on input line 225.
Package babel Info: Redefining spanish shorthand >>
(babel)             in language  on input line 225.
Package babel Info: Redefining spanish shorthand "=
(babel)             in language  on input line 225.
Package babel Info: Redefining spanish shorthand "~
(babel)             in language  on input line 225.
Package babel Info: Redefining spanish shorthand "!
(babel)             in language  on input line 225.
Package babel Info: Redefining spanish shorthand "?
(babel)             in language  on input line 225.
 [7]
Package babel Info: Redefining spanish shorthand <<
(babel)             in language  on input line 257.
Package babel Info: Redefining spanish shorthand >>
(babel)             in language  on input line 257.
Package babel Info: Redefining spanish shorthand "=
(babel)             in language  on input line 257.
Package babel Info: Redefining spanish shorthand "~
(babel)             in language  on input line 257.
Package babel Info: Redefining spanish shorthand "!
(babel)             in language  on input line 257.
Package babel Info: Redefining spanish shorthand "?
(babel)             in language  on input line 257.
Package babel Info: Redefining spanish shorthand <<
(babel)             in language  on input line 276.
Package babel Info: Redefining spanish shorthand >>
(babel)             in language  on input line 276.
Package babel Info: Redefining spanish shorthand "=
(babel)             in language  on input line 276.
Package babel Info: Redefining spanish shorthand "~
(babel)             in language  on input line 276.
Package babel Info: Redefining spanish shorthand "!
(babel)             in language  on input line 276.
Package babel Info: Redefining spanish shorthand "?
(babel)             in language  on input line 276.
Package babel Info: Redefining spanish shorthand <<
(babel)             in language  on input line 276.
Package babel Info: Redefining spanish shorthand >>
(babel)             in language  on input line 276.
Package babel Info: Redefining spanish shorthand "=
(babel)             in language  on input line 276.
Package babel Info: Redefining spanish shorthand "~
(babel)             in language  on input line 276.
Package babel Info: Redefining spanish shorthand "!
(babel)             in language  on input line 276.
Package babel Info: Redefining spanish shorthand "?
(babel)             in language  on input line 276.
 [8]
Package babel Info: Redefining spanish shorthand <<
(babel)             in language  on input line 326.
Package babel Info: Redefining spanish shorthand >>
(babel)             in language  on input line 326.
Package babel Info: Redefining spanish shorthand "=
(babel)             in language  on input line 326.
Package babel Info: Redefining spanish shorthand "~
(babel)             in language  on input line 326.
Package babel Info: Redefining spanish shorthand "!
(babel)             in language  on input line 326.
Package babel Info: Redefining spanish shorthand "?
(babel)             in language  on input line 326.
Package babel Info: Redefining spanish shorthand <<
(babel)             in language  on input line 326.
Package babel Info: Redefining spanish shorthand >>
(babel)             in language  on input line 326.
Package babel Info: Redefining spanish shorthand "=
(babel)             in language  on input line 326.
Package babel Info: Redefining spanish shorthand "~
(babel)             in language  on input line 326.
Package babel Info: Redefining spanish shorthand "!
(babel)             in language  on input line 326.
Package babel Info: Redefining spanish shorthand "?
(babel)             in language  on input line 326.
 [9]
Package babel Info: Redefining spanish shorthand <<
(babel)             in language  on input line 376.
Package babel Info: Redefining spanish shorthand >>
(babel)             in language  on input line 376.
Package babel Info: Redefining spanish shorthand "=
(babel)             in language  on input line 376.
Package babel Info: Redefining spanish shorthand "~
(babel)             in language  on input line 376.
Package babel Info: Redefining spanish shorthand "!
(babel)             in language  on input line 376.
Package babel Info: Redefining spanish shorthand "?
(babel)             in language  on input line 376.
Package babel Info: Redefining spanish shorthand <<
(babel)             in language  on input line 376.
Package babel Info: Redefining spanish shorthand >>
(babel)             in language  on input line 376.
Package babel Info: Redefining spanish shorthand "=
(babel)             in language  on input line 376.
Package babel Info: Redefining spanish shorthand "~
(babel)             in language  on input line 376.
Package babel Info: Redefining spanish shorthand "!
(babel)             in language  on input line 376.
Package babel Info: Redefining spanish shorthand "?
(babel)             in language  on input line 376.
 [10]
Package babel Info: Redefining spanish shorthand <<
(babel)             in language  on input line 414.
Package babel Info: Redefining spanish shorthand >>
(babel)             in language  on input line 414.
Package babel Info: Redefining spanish shorthand "=
(babel)             in language  on input line 414.
Package babel Info: Redefining spanish shorthand "~
(babel)             in language  on input line 414.
Package babel Info: Redefining spanish shorthand "!
(babel)             in language  on input line 414.
Package babel Info: Redefining spanish shorthand "?
(babel)             in language  on input line 414.
Package babel Info: Redefining spanish shorthand <<
(babel)             in language  on input line 416.
Package babel Info: Redefining spanish shorthand >>
(babel)             in language  on input line 416.
Package babel Info: Redefining spanish shorthand "=
(babel)             in language  on input line 416.
Package babel Info: Redefining spanish shorthand "~
(babel)             in language  on input line 416.
Package babel Info: Redefining spanish shorthand "!
(babel)             in language  on input line 416.
Package babel Info: Redefining spanish shorthand "?
(babel)             in language  on input line 416.
Package babel Info: Redefining spanish shorthand <<
(babel)             in language  on input line 426.
Package babel Info: Redefining spanish shorthand >>
(babel)             in language  on input line 426.
Package babel Info: Redefining spanish shorthand "=
(babel)             in language  on input line 426.
Package babel Info: Redefining spanish shorthand "~
(babel)             in language  on input line 426.
Package babel Info: Redefining spanish shorthand "!
(babel)             in language  on input line 426.
Package babel Info: Redefining spanish shorthand "?
(babel)             in language  on input line 426.
Package babel Info: Redefining spanish shorthand <<
(babel)             in language  on input line 426.
Package babel Info: Redefining spanish shorthand >>
(babel)             in language  on input line 426.
Package babel Info: Redefining spanish shorthand "=
(babel)             in language  on input line 426.
Package babel Info: Redefining spanish shorthand "~
(babel)             in language  on input line 426.
Package babel Info: Redefining spanish shorthand "!
(babel)             in language  on input line 426.
Package babel Info: Redefining spanish shorthand "?
(babel)             in language  on input line 426.
 [11]
Package babel Info: Redefining spanish shorthand <<
(babel)             in language  on input line 476.
Package babel Info: Redefining spanish shorthand >>
(babel)             in language  on input line 476.
Package babel Info: Redefining spanish shorthand "=
(babel)             in language  on input line 476.
Package babel Info: Redefining spanish shorthand "~
(babel)             in language  on input line 476.
Package babel Info: Redefining spanish shorthand "!
(babel)             in language  on input line 476.
Package babel Info: Redefining spanish shorthand "?
(babel)             in language  on input line 476.
Package babel Info: Redefining spanish shorthand <<
(babel)             in language  on input line 476.
Package babel Info: Redefining spanish shorthand >>
(babel)             in language  on input line 476.
Package babel Info: Redefining spanish shorthand "=
(babel)             in language  on input line 476.
Package babel Info: Redefining spanish shorthand "~
(babel)             in language  on input line 476.
Package babel Info: Redefining spanish shorthand "!
(babel)             in language  on input line 476.
Package babel Info: Redefining spanish shorthand "?
(babel)             in language  on input line 476.
 [12]
Package babel Info: Redefining spanish shorthand <<
(babel)             in language  on input line 526.
Package babel Info: Redefining spanish shorthand >>
(babel)             in language  on input line 526.
Package babel Info: Redefining spanish shorthand "=
(babel)             in language  on input line 526.
Package babel Info: Redefining spanish shorthand "~
(babel)             in language  on input line 526.
Package babel Info: Redefining spanish shorthand "!
(babel)             in language  on input line 526.
Package babel Info: Redefining spanish shorthand "?
(babel)             in language  on input line 526.
Package babel Info: Redefining spanish shorthand <<
(babel)             in language  on input line 526.
Package babel Info: Redefining spanish shorthand >>
(babel)             in language  on input line 526.
Package babel Info: Redefining spanish shorthand "=
(babel)             in language  on input line 526.
Package babel Info: Redefining spanish shorthand "~
(babel)             in language  on input line 526.
Package babel Info: Redefining spanish shorthand "!
(babel)             in language  on input line 526.
Package babel Info: Redefining spanish shorthand "?
(babel)             in language  on input line 526.
 [13]
Package babel Info: Redefining spanish shorthand <<
(babel)             in language  on input line 576.
Package babel Info: Redefining spanish shorthand >>
(babel)             in language  on input line 576.
Package babel Info: Redefining spanish shorthand "=
(babel)             in language  on input line 576.
Package babel Info: Redefining spanish shorthand "~
(babel)             in language  on input line 576.
Package babel Info: Redefining spanish shorthand "!
(babel)             in language  on input line 576.
Package babel Info: Redefining spanish shorthand "?
(babel)             in language  on input line 576.
Package babel Info: Redefining spanish shorthand <<
(babel)             in language  on input line 576.
Package babel Info: Redefining spanish shorthand >>
(babel)             in language  on input line 576.
Package babel Info: Redefining spanish shorthand "=
(babel)             in language  on input line 576.
Package babel Info: Redefining spanish shorthand "~
(babel)             in language  on input line 576.
Package babel Info: Redefining spanish shorthand "!
(babel)             in language  on input line 576.
Package babel Info: Redefining spanish shorthand "?
(babel)             in language  on input line 576.
 [14]
Package babel Info: Redefining spanish shorthand <<
(babel)             in language  on input line 626.
Package babel Info: Redefining spanish shorthand >>
(babel)             in language  on input line 626.
Package babel Info: Redefining spanish shorthand "=
(babel)             in language  on input line 626.
Package babel Info: Redefining spanish shorthand "~
(babel)             in language  on input line 626.
Package babel Info: Redefining spanish shorthand "!
(babel)             in language  on input line 626.
Package babel Info: Redefining spanish shorthand "?
(babel)             in language  on input line 626.
Package babel Info: Redefining spanish shorthand <<
(babel)             in language  on input line 626.
Package babel Info: Redefining spanish shorthand >>
(babel)             in language  on input line 626.
Package babel Info: Redefining spanish shorthand "=
(babel)             in language  on input line 626.
Package babel Info: Redefining spanish shorthand "~
(babel)             in language  on input line 626.
Package babel Info: Redefining spanish shorthand "!
(babel)             in language  on input line 626.
Package babel Info: Redefining spanish shorthand "?
(babel)             in language  on input line 626.
 [15]
Package babel Info: Redefining spanish shorthand <<
(babel)             in language  on input line 676.
Package babel Info: Redefining spanish shorthand >>
(babel)             in language  on input line 676.
Package babel Info: Redefining spanish shorthand "=
(babel)             in language  on input line 676.
Package babel Info: Redefining spanish shorthand "~
(babel)             in language  on input line 676.
Package babel Info: Redefining spanish shorthand "!
(babel)             in language  on input line 676.
Package babel Info: Redefining spanish shorthand "?
(babel)             in language  on input line 676.
Package babel Info: Redefining spanish shorthand <<
(babel)             in language  on input line 676.
Package babel Info: Redefining spanish shorthand >>
(babel)             in language  on input line 676.
Package babel Info: Redefining spanish shorthand "=
(babel)             in language  on input line 676.
Package babel Info: Redefining spanish shorthand "~
(babel)             in language  on input line 676.
Package babel Info: Redefining spanish shorthand "!
(babel)             in language  on input line 676.
Package babel Info: Redefining spanish shorthand "?
(babel)             in language  on input line 676.
 [16]
Package babel Info: Redefining spanish shorthand <<
(babel)             in language  on input line 685.
Package babel Info: Redefining spanish shorthand >>
(babel)             in language  on input line 685.
Package babel Info: Redefining spanish shorthand "=
(babel)             in language  on input line 685.
Package babel Info: Redefining spanish shorthand "~
(babel)             in language  on input line 685.
Package babel Info: Redefining spanish shorthand "!
(babel)             in language  on input line 685.
Package babel Info: Redefining spanish shorthand "?
(babel)             in language  on input line 685.
Package babel Info: Redefining spanish shorthand <<
(babel)             in language  on input line 728.
Package babel Info: Redefining spanish shorthand >>
(babel)             in language  on input line 728.
Package babel Info: Redefining spanish shorthand "=
(babel)             in language  on input line 728.
Package babel Info: Redefining spanish shorthand "~
(babel)             in language  on input line 728.
Package babel Info: Redefining spanish shorthand "!
(babel)             in language  on input line 728.
Package babel Info: Redefining spanish shorthand "?
(babel)             in language  on input line 728.
Package babel Info: Redefining spanish shorthand <<
(babel)             in language  on input line 728.
Package babel Info: Redefining spanish shorthand >>
(babel)             in language  on input line 728.
Package babel Info: Redefining spanish shorthand "=
(babel)             in language  on input line 728.
Package babel Info: Redefining spanish shorthand "~
(babel)             in language  on input line 728.
Package babel Info: Redefining spanish shorthand "!
(babel)             in language  on input line 728.
Package babel Info: Redefining spanish shorthand "?
(babel)             in language  on input line 728.
 [17]
Package babel Info: Redefining spanish shorthand <<
(babel)             in language  on input line 765.
Package babel Info: Redefining spanish shorthand >>
(babel)             in language  on input line 765.
Package babel Info: Redefining spanish shorthand "=
(babel)             in language  on input line 765.
Package babel Info: Redefining spanish shorthand "~
(babel)             in language  on input line 765.
Package babel Info: Redefining spanish shorthand "!
(babel)             in language  on input line 765.
Package babel Info: Redefining spanish shorthand "?
(babel)             in language  on input line 765.
Package babel Info: Redefining spanish shorthand <<
(babel)             in language  on input line 773.
Package babel Info: Redefining spanish shorthand >>
(babel)             in language  on input line 773.
Package babel Info: Redefining spanish shorthand "=
(babel)             in language  on input line 773.
Package babel Info: Redefining spanish shorthand "~
(babel)             in language  on input line 773.
Package babel Info: Redefining spanish shorthand "!
(babel)             in language  on input line 773.
Package babel Info: Redefining spanish shorthand "?
(babel)             in language  on input line 773.
Package babel Info: Redefining spanish shorthand <<
(babel)             in language  on input line 773.
Package babel Info: Redefining spanish shorthand >>
(babel)             in language  on input line 773.
Package babel Info: Redefining spanish shorthand "=
(babel)             in language  on input line 773.
Package babel Info: Redefining spanish shorthand "~
(babel)             in language  on input line 773.
Package babel Info: Redefining spanish shorthand "!
(babel)             in language  on input line 773.
Package babel Info: Redefining spanish shorthand "?
(babel)             in language  on input line 773.
 [18]
Package atveryend Info: Empty hook `BeforeClearDocument' on input line 788.
Package babel Info: Redefining spanish shorthand <<
(babel)             in language  on input line 788.
Package babel Info: Redefining spanish shorthand >>
(babel)             in language  on input line 788.
Package babel Info: Redefining spanish shorthand "=
(babel)             in language  on input line 788.
Package babel Info: Redefining spanish shorthand "~
(babel)             in language  on input line 788.
Package babel Info: Redefining spanish shorthand "!
(babel)             in language  on input line 788.
Package babel Info: Redefining spanish shorthand "?
(babel)             in language  on input line 788.
Package babel Info: Redefining spanish shorthand <<
(babel)             in language  on input line 788.
Package babel Info: Redefining spanish shorthand >>
(babel)             in language  on input line 788.
Package babel Info: Redefining spanish shorthand "=
(babel)             in language  on input line 788.
Package babel Info: Redefining spanish shorthand "~
(babel)             in language  on input line 788.
Package babel Info: Redefining spanish shorthand "!
(babel)             in language  on input line 788.
Package babel Info: Redefining spanish shorthand "?
(babel)             in language  on input line 788.
 [19pdfTeX warning (ext4): destination with the same identifier (name{cite.LAR9
2}) has been already used, duplicate ignored

\AtBegShi@Output ...ipout \box \AtBeginShipoutBox 
                                                  \fi \fi 
l.788 \end{document}
                    pdfTeX warning (ext4): destination with the same identifier
 (name{cite.LAR92}) has been already used, duplicate ignored

\AtBegShi@Output ...ipout \box \AtBeginShipoutBox 
                                                  \fi \fi 
l.788 \end{document}
                    pdfTeX warning (ext4): destination with the same identifier
 (name{cite.LAR92}) has been already used, duplicate ignored

\AtBegShi@Output ...ipout \box \AtBeginShipoutBox 
                                                  \fi \fi 
l.788 \end{document}
                    pdfTeX warning (ext4): destination with the same identifier
 (name{cite.LAR92}) has been already used, duplicate ignored

\AtBegShi@Output ...ipout \box \AtBeginShipoutBox 
                                                  \fi \fi 
l.788 \end{document}
                    ]
Package atveryend Info: Empty hook `AfterLastShipout' on input line 788.
 (modelo_informe.aux
LaTeX Info: Redefining \. on input line 23.
LaTeX Info: Redefining \% on input line 23.
)
Package atveryend Info: Executing hook `AtVeryEndDocument' on input line 788.
Package atveryend Info: Executing hook `AtEndAfterFileList' on input line 788.


Package rerunfilecheck Warning: File `modelo_informe.out' has changed.
(rerunfilecheck)                Rerun to get outlines right
(rerunfilecheck)                or use package `bookmark'.

Package rerunfilecheck Info: Checksums for `modelo_informe.out':
(rerunfilecheck)             Before: 262739A292642B149268984249671A08;973
(rerunfilecheck)             After:  597128384653DC993236E7F7DD77839F;988.

LaTeX Warning: There were multiply-defined labels.

Package atveryend Info: Empty hook `AtVeryVeryEnd' on input line 788.
 ) 
Here is how much of TeX's memory you used:
 6369 strings out of 492973
 95627 string characters out of 3125806
 196177 words of memory out of 3000000
 10150 multiletter control sequences out of 15000+200000
 9839 words of font info for 35 fonts, out of 3000000 for 9000
 1141 hyphenation exceptions out of 8191
 28i,7n,32p,899b,466s stack positions out of 5000i,500n,10000p,200000b,50000s
<C:/Users/Usuario/AppData/Local/Programs/MiKTeX 2.9/fonts/type1/public/amsfon
ts/cm/cmbx10.pfb><C:/Users/Usuario/AppData/Local/Programs/MiKTeX 2.9/fonts/type
1/public/amsfonts/cm/cmbx12.pfb><C:/Users/Usuario/AppData/Local/Programs/MiKTeX
 2.9/fonts/type1/public/amsfonts/cm/cmbx9.pfb><C:/Users/Usuario/AppData/Local/P
rograms/MiKTeX 2.9/fonts/type1/public/amsfonts/cm/cmmi10.pfb><C:/Users/Usuario/
AppData/Local/Programs/MiKTeX 2.9/fonts/type1/public/amsfonts/cm/cmr10.pfb><C:/
Users/Usuario/AppData/Local/Programs/MiKTeX 2.9/fonts/type1/public/amsfonts/cm/
cmr12.pfb><C:/Users/Usuario/AppData/Local/Programs/MiKTeX 2.9/fonts/type1/publi
c/amsfonts/cm/cmr9.pfb><C:/Users/Usuario/AppData/Local/Programs/MiKTeX 2.9/font
s/type1/public/amsfonts/cm/cmsy10.pfb><C:/Users/Usuario/AppData/Local/Programs/
MiKTeX 2.9/fonts/type1/public/amsfonts/cm/cmti10.pfb><C:/Users/Usuario/AppData/
Local/Programs/MiKTeX 2.9/fonts/type1/public/amsfonts/cm/cmti12.pfb><C:/Users/U
suario/AppData/Local/Programs/MiKTeX 2.9/fonts/type1/public/amsfonts/cm/cmtt10.
pfb><C:/Users/Usuario/AppData/Local/Programs/MiKTeX 2.9/fonts/type1/public/amsf
onts/cm/cmtt12.pfb>
Output written on modelo_informe.pdf (19 pages, 198857 bytes).
PDF statistics:
 227 PDF objects out of 1000 (max. 8388607)
 40 named destinations out of 1000 (max. 500000)
 121 words of extra memory for PDF output out of 10000 (max. 10000000)

