\BOOKMARK [1][-]{section.1}{Introducci\363n}{}% 1
\BOOKMARK [1][-]{section.2}{Documentaci\363n relevante al dise\361o e implementaci\363n del programa}{}% 2
\BOOKMARK [2][-]{subsection.2.1}{Dise\361o}{section.2}% 3
\BOOKMARK [2][-]{subsection.2.2}{Detalle de implementaci\363n}{section.2}% 4
\BOOKMARK [3][-]{subsubsection.2.2.1}{Subrutina encode}{subsection.2.2}% 5
\BOOKMARK [3][-]{subsubsection.2.2.2}{Subrutina decode}{subsection.2.2}% 6
\BOOKMARK [3][-]{subsubsection.2.2.3}{Subrutina write\137c}{subsection.2.2}% 7
\BOOKMARK [3][-]{subsubsection.2.2.4}{Subrutina read\137c}{subsection.2.2}% 8
\BOOKMARK [3][-]{subsubsection.2.2.5}{Subrutina geti64\137c}{subsection.2.2}% 9
\BOOKMARK [3][-]{subsubsection.2.2.6}{Funci\363n principal main}{subsection.2.2}% 10
\BOOKMARK [1][-]{section.3}{Comandos para compilar el programa}{}% 11
\BOOKMARK [1][-]{section.4}{Corridas de prueba}{}% 12
\BOOKMARK [1][-]{section.5}{C\363digo fuente en C}{}% 13
\BOOKMARK [2][-]{subsection.5.1}{main.c}{section.5}% 14
\BOOKMARK [1][-]{section.6}{C\363digo implementado en MIPS32}{}% 15
\BOOKMARK [2][-]{subsection.6.1}{code.s}{section.6}% 16
\BOOKMARK [2][-]{subsection.6.2}{decode.s}{section.6}% 17
\BOOKMARK [2][-]{subsection.6.3}{write\137c.s}{section.6}% 18
\BOOKMARK [2][-]{subsection.6.4}{read\137c.s}{section.6}% 19
\BOOKMARK [2][-]{subsection.6.5}{getb64index.s}{section.6}% 20
\BOOKMARK [1][-]{section.7}{Conclusiones}{}% 21
